<?xml version="1.0" encoding="UTF-8"?>
<testsuite name="com.tdunning.sparse.TraceTest" time="0.093" tests="2" errors="1" skipped="0" failures="0">
  <properties>
[...]
</properties>
  <testcase name="testRead212" classname="com.tdunning.sparse.TraceTest" time="0.062">
    <error message="C:\Users\diyoh\Desktop\Test%20proj%20phase1\PhaseIFInal\anomaly-detection-master\target\test-classes\cu01.dat (The system cannot find the path specified)" type="java.io.FileNotFoundException"><![CDATA[java.io.FileNotFoundException: C:\Users\diyoh\Desktop\Test%20proj%20phase1\PhaseIFInal\anomaly-detection-master\target\test-classes\cu01.dat (The system cannot find the path specified)
	at java.io.FileInputStream.open0(Native Method)
	at java.io.FileInputStream.open(FileInputStream.java:195)
	at java.io.FileInputStream.<init>(FileInputStream.java:138)
	at com.tdunning.sparse.Trace.read212(Trace.java:48)
	at com.tdunning.sparse.TraceTest.testRead212(TraceTest.java:18)
]]></error>
    <system-out><![CDATA[
-----
Starting - testRead212
This is the line com/tdunning/sparse/TraceTest| 18
Java Agent is executing

This is the line com/tdunning/sparse/Trace| 48
]]></system-out>
  </testcase>
  <testcase name="testRead16b" classname="com.tdunning.sparse.TraceTest" time="0.031"/>
</testsuite>